<?xml version="1.0" encoding="UTF-8"?>
<!-- Generated by org.testng.reporters.JUnitReportReporter -->
<testsuite skipped="0" hostname="OJAS-DL473" name="spotify_OAuth.Spotifywith_pojo" tests="1" failures="0" timestamp="2022-07-22T14:29:11 IST" time="1.381" errors="0">
  <testcase name="getplaylist" time="1.381" classname="spotify_OAuth.Spotifywith_pojo"/>
  <system-out/>
</testsuite> <!-- spotify_OAuth.Spotifywith_pojo -->
