<?xml version="1.0" encoding="UTF-8"?>
<!-- Generated by org.testng.reporters.JUnitReportReporter -->
<testsuite skipped="0" hostname="OJAS-DL473" name="spotify_OAuth.RequetresponseReusable" tests="2" failures="0" timestamp="2022-08-05T14:37:17 IST" time="6.054" errors="0">
  <testcase name="getplaylist" time="0.419" classname="spotify_OAuth.RequetresponseReusable"/>
  <system-out/>
  <testcase name="CreatPlaylist" time="5.635" classname="spotify_OAuth.RequetresponseReusable"/>
  <system-out/>
</testsuite> <!-- spotify_OAuth.RequetresponseReusable -->
