<?xml version="1.0" encoding="UTF-8"?>
<!-- Generated by org.testng.reporters.JUnitReportReporter -->
<testsuite skipped="0" hostname="OJAS-DL473" name="spotify_OAuth.SpotifyAutomation" tests="1" failures="0" timestamp="2022-07-22T13:10:04 IST" time="1.347" errors="0">
  <testcase name="Getpalylist" time="1.347" classname="spotify_OAuth.SpotifyAutomation"/>
  <system-out/>
</testsuite> <!-- spotify_OAuth.SpotifyAutomation -->
